06:00:04.414 INFO basemod.BaseMod> initializeGson
06:00:04.437 INFO basemod.BaseMod> initializeTypeMaps
06:00:04.438 INFO basemod.BaseMod> Registered MonsterStrings
06:00:04.441 INFO basemod.BaseMod> Registered PowerStrings
06:00:04.442 INFO basemod.BaseMod> Registered CardStrings
06:00:04.442 INFO basemod.BaseMod> Registered RelicStrings
06:00:04.443 INFO basemod.BaseMod> Registered EventStrings
06:00:04.444 INFO basemod.BaseMod> Registered PotionStrings
06:00:04.445 INFO basemod.BaseMod> Registered CreditStrings
06:00:04.447 INFO basemod.BaseMod> Registered TutorialStrings
06:00:04.448 INFO basemod.BaseMod> Registered KeywordStrings
06:00:04.452 INFO basemod.BaseMod> Registered ScoreBonusStrings
06:00:04.453 INFO basemod.BaseMod> Registered CharacterStrings
06:00:04.454 INFO basemod.BaseMod> Registered UIStrings
06:00:04.454 INFO basemod.BaseMod> Registered OrbStrings
06:00:04.455 INFO basemod.BaseMod> Registered RunModStrings
06:00:04.456 INFO basemod.BaseMod> Registered BlightStrings
06:00:04.456 INFO basemod.BaseMod> Registered AchievementStrings
06:00:04.457 INFO basemod.BaseMod> initializePowerMap
06:00:04.987 INFO basemod.BaseMod> initializeUnderscorePowerIDs
06:00:05.016 INFO HollowMod.hollowMod> ========================= Initializing Default Mod. Hi. =========================
06:00:05.016 INFO HollowMod.hollowMod> Subscribe to BaseMod hooks
06:00:05.022 INFO HollowMod.hollowMod> Done subscribing
06:00:05.022 INFO HollowMod.hollowMod> Creating the color BUGKNIGHT_GRAY_COLOR
06:00:05.022 INFO HollowMod.hollowMod> Done creating the color
06:00:05.022 INFO HollowMod.hollowMod> ========================= /Default Mod Initialized. Hello World./ =========================
06:00:05.024 INFO desktop.DesktopLauncher> time: 1555480805024
06:00:05.024 INFO desktop.DesktopLauncher> version: 2019-01-23
06:00:05.024 INFO desktop.DesktopLauncher> libgdx:  1.9.5
06:00:05.024 INFO desktop.DesktopLauncher> default_locale: en_US
06:00:05.024 INFO desktop.DesktopLauncher> default_charset: windows-1252
06:00:05.024 INFO desktop.DesktopLauncher> default_encoding: windows-1252
06:00:05.024 INFO desktop.DesktopLauncher> java_version: 1.8.0_201
06:00:05.025 INFO desktop.DesktopLauncher> os_arch: amd64
06:00:05.025 INFO desktop.DesktopLauncher> os_name: Windows 10
06:00:05.025 INFO desktop.DesktopLauncher> os_version: 10.0
06:00:05.025 INFO core.SystemStats> MEMORY STATS:
Free Memory: 217Mb
Max Memory: 3,628Mb
Allocated Memory: 734Mb
Unallocated Memory: 2,894Mb
Total Free Memory: 3,111Mb
Used Memory: 517Mb

06:00:05.026 INFO core.SystemStats> DISK STATS:
Total Space: 204,354Mb
Usable Space: 15,822Mb
Free Space: 15,822Mb

06:00:05.067 INFO core.DisplayConfig> Reading info.displayconfig
06:00:05.070 INFO core.DisplayConfig> DisplayConfig successfully read.
06:00:05.073 INFO desktop.DesktopLauncher> Settings successfully loaded
06:00:05.073 INFO desktop.DesktopLauncher> Launching application...
06:00:05.563 INFO ststwitch.TwitchConfig> The 'twitchconfig.txt' already exists, not overwriting it.
06:00:05.743 INFO steam.SteamIntegration> [FAILURE] Steam API failed to initialize correctly.
06:00:05.745 INFO core.CardCrawlGame> No migration
06:00:05.750 INFO core.Settings> Initializing display settings...
06:00:05.750 INFO core.DisplayConfig> Reading info.displayconfig
06:00:05.751 INFO core.DisplayConfig> DisplayConfig successfully read.
06:00:05.751 INFO core.Settings> Initializing sound settings...
06:00:05.752 INFO core.Settings> Initializing game settings...
06:00:05.789 INFO localization.LocalizedStrings> Loc Strings load time: 29ms
06:00:05.790 INFO basemod.BaseMod> begin editing localization strings
06:00:05.791 INFO basemod.BaseMod> loadJsonStrings: com.megacrit.cardcrawl.localization.RunModStrings
06:00:05.797 INFO basemod.BaseMod> loadJsonStrings: com.megacrit.cardcrawl.localization.PowerStrings
06:00:05.798 INFO basemod.BaseMod> loadJsonStrings: com.megacrit.cardcrawl.localization.RelicStrings
06:00:05.798 INFO basemod.BaseMod> loadJsonStrings: com.megacrit.cardcrawl.localization.PowerStrings
06:00:05.799 INFO basemod.BaseMod> loadJsonStrings: com.megacrit.cardcrawl.localization.RelicStrings
06:00:05.799 INFO HollowMod.hollowMod> Beginning to edit strings
06:00:05.800 INFO basemod.BaseMod> loadJsonStrings: com.megacrit.cardcrawl.localization.CardStrings
06:00:05.802 INFO basemod.BaseMod> loadJsonStrings: com.megacrit.cardcrawl.localization.PowerStrings
06:00:05.803 INFO basemod.BaseMod> loadJsonStrings: com.megacrit.cardcrawl.localization.RelicStrings
06:00:05.803 INFO basemod.BaseMod> loadJsonStrings: com.megacrit.cardcrawl.localization.EventStrings
06:00:05.804 INFO basemod.BaseMod> loadJsonStrings: com.megacrit.cardcrawl.localization.PotionStrings
06:00:05.805 INFO basemod.BaseMod> loadJsonStrings: com.megacrit.cardcrawl.localization.CharacterStrings
06:00:05.806 INFO basemod.BaseMod> loadJsonStrings: com.megacrit.cardcrawl.localization.OrbStrings
06:00:05.807 INFO HollowMod.hollowMod> Done edittting strings
06:00:05.829 INFO audio.MusicMaster> Music Volume: 0.5
06:00:05.832 INFO audio.SoundMaster> Sound Effect Volume: 0.5
06:00:05.833 INFO audio.SoundMaster> Loaded 360 Sound Effects
06:00:05.833 INFO audio.SoundMaster> SFX load time: 2ms
06:00:05.834 INFO basemod.BaseMod> begin adding custom sounds
06:00:05.834 INFO basemod.BaseMod> Added 0 sounds
06:00:06.684 INFO cards.AbstractCard> Card Image load time: 845ms
06:00:06.685 INFO basemod.BaseMod> editting keywords
06:00:07.504 INFO helpers.ImageMaster> Texture load time: 813ms
06:00:07.572 INFO helpers.FontHelper> Font load time (Map Fonts): 22ms
06:00:07.721 INFO helpers.FontHelper> Font load time (Kreon Standard): 149ms
06:00:08.040 INFO helpers.FontHelper> Font load time (The rest of it): 319ms
06:00:08.066 INFO unlock.UnlockTracker> RED UNLOCKS:   0/9
06:00:08.067 INFO unlock.UnlockTracker> GREEN UNLOCKS: 0/9
06:00:08.067 INFO unlock.UnlockTracker> BLUE UNLOCKS: 0/9
06:00:08.067 INFO unlock.UnlockTracker> RELIC UNLOCKS: 0/18
06:00:08.110 INFO unlock.UnlockTracker> CARDS SEEN:    326/0
06:00:08.135 INFO unlock.UnlockTracker> RELICS SEEN:   75/0
06:00:08.136 INFO basemod.BaseMod> publish post refresh - refreshing unlocks
06:00:08.136 INFO basemod.BaseMod> begin editing cards
06:00:08.137 INFO HollowMod.hollowMod> Adding variables
06:00:08.138 INFO HollowMod.hollowMod> Add variabls
06:00:08.139 INFO HollowMod.hollowMod> Adding cards
06:00:08.630 INFO HollowMod.hollowMod> Making sure the cards are unlocked.
06:00:08.634 INFO helpers.AsyncSaver> Enqueue: qsize=0 file=preferences\STSSeenCards
06:00:08.636 INFO helpers.FileSaver> Dequeue: qsize=0 file=preferences\STSSeenCards
06:00:08.637 INFO helpers.File> Attempting to save file=C:\Users\Conor\Documents\MTS_Modwork\HollowMod\theDefault\lib\preferences\STSSeenCards
06:00:08.637 INFO helpers.AsyncSaver> Enqueue: qsize=0 file=preferences\STSUnlocks
06:00:08.639 INFO helpers.AsyncSaver> Enqueue: qsize=1 file=preferences\STSSeenCards
06:00:08.640 INFO helpers.AsyncSaver> Enqueue: qsize=2 file=preferences\STSUnlocks
06:00:08.641 INFO helpers.AsyncSaver> Enqueue: qsize=3 file=preferences\STSSeenCards
06:00:08.642 INFO helpers.AsyncSaver> Enqueue: qsize=4 file=preferences\STSUnlocks
06:00:08.642 INFO helpers.AsyncSaver> Enqueue: qsize=5 file=preferences\STSSeenCards
06:00:08.643 INFO helpers.AsyncSaver> Enqueue: qsize=6 file=preferences\STSUnlocks
06:00:08.644 INFO helpers.AsyncSaver> Enqueue: qsize=7 file=preferences\STSSeenCards
06:00:08.645 INFO helpers.AsyncSaver> Enqueue: qsize=8 file=preferences\STSUnlocks
06:00:08.646 INFO helpers.AsyncSaver> Enqueue: qsize=9 file=preferences\STSSeenCards
06:00:08.647 INFO helpers.AsyncSaver> Enqueue: qsize=10 file=preferences\STSUnlocks
06:00:08.648 INFO helpers.AsyncSaver> Enqueue: qsize=11 file=preferences\STSSeenCards
06:00:08.648 INFO helpers.AsyncSaver> Enqueue: qsize=12 file=preferences\STSUnlocks
06:00:08.649 INFO helpers.AsyncSaver> Enqueue: qsize=13 file=preferences\STSSeenCards
06:00:08.650 INFO helpers.AsyncSaver> Enqueue: qsize=14 file=preferences\STSUnlocks
06:00:08.650 INFO helpers.AsyncSaver> Enqueue: qsize=15 file=preferences\STSSeenCards
06:00:08.651 INFO helpers.AsyncSaver> Enqueue: qsize=16 file=preferences\STSUnlocks
06:00:08.651 INFO helpers.AsyncSaver> Enqueue: qsize=17 file=preferences\STSSeenCards
06:00:08.651 INFO helpers.AsyncSaver> Enqueue: qsize=18 file=preferences\STSUnlocks
06:00:08.652 INFO helpers.AsyncSaver> Enqueue: qsize=19 file=preferences\STSSeenCards
06:00:08.653 INFO helpers.AsyncSaver> Enqueue: qsize=20 file=preferences\STSUnlocks
06:00:08.653 INFO helpers.AsyncSaver> Enqueue: qsize=21 file=preferences\STSSeenCards
06:00:08.654 INFO helpers.AsyncSaver> Enqueue: qsize=22 file=preferences\STSUnlocks
06:00:08.654 INFO helpers.AsyncSaver> Enqueue: qsize=23 file=preferences\STSSeenCards
06:00:08.655 INFO helpers.AsyncSaver> Enqueue: qsize=24 file=preferences\STSUnlocks
06:00:08.655 INFO helpers.AsyncSaver> Enqueue: qsize=25 file=preferences\STSSeenCards
06:00:08.656 INFO helpers.AsyncSaver> Enqueue: qsize=26 file=preferences\STSUnlocks
06:00:08.657 INFO helpers.AsyncSaver> Enqueue: qsize=27 file=preferences\STSSeenCards
06:00:08.657 INFO helpers.AsyncSaver> Enqueue: qsize=28 file=preferences\STSUnlocks
06:00:08.658 INFO helpers.AsyncSaver> Enqueue: qsize=29 file=preferences\STSSeenCards
06:00:08.659 INFO helpers.AsyncSaver> Enqueue: qsize=30 file=preferences\STSUnlocks
06:00:08.660 INFO helpers.AsyncSaver> Enqueue: qsize=31 file=preferences\STSSeenCards
06:00:08.660 INFO helpers.AsyncSaver> Enqueue: qsize=32 file=preferences\STSUnlocks
06:00:08.661 INFO helpers.AsyncSaver> Enqueue: qsize=33 file=preferences\STSSeenCards
06:00:08.662 INFO helpers.AsyncSaver> Enqueue: qsize=34 file=preferences\STSUnlocks
06:00:08.663 INFO helpers.AsyncSaver> Enqueue: qsize=35 file=preferences\STSSeenCards
06:00:08.663 INFO helpers.AsyncSaver> Enqueue: qsize=36 file=preferences\STSUnlocks
06:00:08.664 INFO helpers.AsyncSaver> Enqueue: qsize=37 file=preferences\STSSeenCards
06:00:08.665 INFO helpers.AsyncSaver> Enqueue: qsize=38 file=preferences\STSUnlocks
06:00:08.665 INFO helpers.AsyncSaver> Enqueue: qsize=39 file=preferences\STSSeenCards
06:00:08.666 INFO helpers.AsyncSaver> Enqueue: qsize=40 file=preferences\STSUnlocks
06:00:08.666 INFO helpers.AsyncSaver> Enqueue: qsize=41 file=preferences\STSSeenCards
06:00:08.666 INFO helpers.AsyncSaver> Enqueue: qsize=42 file=preferences\STSUnlocks
06:00:08.667 INFO helpers.AsyncSaver> Enqueue: qsize=43 file=preferences\STSSeenCards
06:00:08.668 INFO helpers.AsyncSaver> Enqueue: qsize=44 file=preferences\STSUnlocks
06:00:08.668 INFO helpers.AsyncSaver> Enqueue: qsize=45 file=preferences\STSSeenCards
06:00:08.669 INFO helpers.AsyncSaver> Enqueue: qsize=46 file=preferences\STSUnlocks
06:00:08.669 INFO helpers.AsyncSaver> Enqueue: qsize=47 file=preferences\STSSeenCards
06:00:08.669 INFO helpers.AsyncSaver> Enqueue: qsize=48 file=preferences\STSUnlocks
06:00:08.670 INFO helpers.AsyncSaver> Enqueue: qsize=49 file=preferences\STSSeenCards
06:00:08.670 INFO helpers.AsyncSaver> Enqueue: qsize=50 file=preferences\STSUnlocks
06:00:08.670 INFO helpers.AsyncSaver> Enqueue: qsize=51 file=preferences\STSSeenCards
06:00:08.671 INFO helpers.AsyncSaver> Enqueue: qsize=52 file=preferences\STSUnlocks
06:00:08.671 INFO helpers.AsyncSaver> Enqueue: qsize=53 file=preferences\STSSeenCards
06:00:08.672 INFO helpers.AsyncSaver> Enqueue: qsize=54 file=preferences\STSUnlocks
06:00:08.672 INFO helpers.AsyncSaver> Enqueue: qsize=55 file=preferences\STSSeenCards
06:00:08.672 INFO helpers.AsyncSaver> Enqueue: qsize=56 file=preferences\STSUnlocks
06:00:08.673 INFO helpers.AsyncSaver> Enqueue: qsize=57 file=preferences\STSSeenCards
06:00:08.673 INFO helpers.AsyncSaver> Enqueue: qsize=58 file=preferences\STSUnlocks
06:00:08.674 INFO helpers.AsyncSaver> Enqueue: qsize=59 file=preferences\STSSeenCards
06:00:08.674 INFO helpers.AsyncSaver> Enqueue: qsize=60 file=preferences\STSUnlocks
06:00:08.675 INFO helpers.AsyncSaver> Enqueue: qsize=61 file=preferences\STSSeenCards
06:00:08.675 INFO helpers.AsyncSaver> Enqueue: qsize=62 file=preferences\STSUnlocks
06:00:08.675 INFO helpers.AsyncSaver> Enqueue: qsize=63 file=preferences\STSSeenCards
06:00:08.676 INFO helpers.AsyncSaver> Enqueue: qsize=64 file=preferences\STSUnlocks
06:00:08.676 INFO helpers.AsyncSaver> Enqueue: qsize=65 file=preferences\STSSeenCards
06:00:08.676 INFO helpers.AsyncSaver> Enqueue: qsize=66 file=preferences\STSUnlocks
06:00:08.677 INFO helpers.AsyncSaver> Enqueue: qsize=67 file=preferences\STSSeenCards
06:00:08.678 INFO helpers.AsyncSaver> Enqueue: qsize=68 file=preferences\STSUnlocks
06:00:08.678 INFO helpers.AsyncSaver> Enqueue: qsize=69 file=preferences\STSSeenCards
06:00:08.679 INFO helpers.AsyncSaver> Enqueue: qsize=70 file=preferences\STSUnlocks
06:00:08.680 INFO helpers.AsyncSaver> Enqueue: qsize=71 file=preferences\STSSeenCards
06:00:08.680 INFO helpers.AsyncSaver> Enqueue: qsize=72 file=preferences\STSUnlocks
06:00:08.680 INFO helpers.AsyncSaver> Enqueue: qsize=73 file=preferences\STSSeenCards
06:00:08.681 INFO helpers.AsyncSaver> Enqueue: qsize=74 file=preferences\STSUnlocks
06:00:08.682 INFO helpers.AsyncSaver> Enqueue: qsize=75 file=preferences\STSSeenCards
06:00:08.682 INFO helpers.AsyncSaver> Enqueue: qsize=76 file=preferences\STSUnlocks
06:00:08.683 INFO helpers.AsyncSaver> Enqueue: qsize=77 file=preferences\STSSeenCards
06:00:08.683 INFO helpers.AsyncSaver> Enqueue: qsize=78 file=preferences\STSUnlocks
06:00:08.684 INFO helpers.AsyncSaver> Enqueue: qsize=79 file=preferences\STSSeenCards
06:00:08.684 INFO helpers.AsyncSaver> Enqueue: qsize=80 file=preferences\STSUnlocks
06:00:08.685 INFO helpers.AsyncSaver> Enqueue: qsize=81 file=preferences\STSSeenCards
06:00:08.685 INFO helpers.AsyncSaver> Enqueue: qsize=82 file=preferences\STSUnlocks
06:00:08.685 INFO helpers.AsyncSaver> Enqueue: qsize=83 file=preferences\STSSeenCards
06:00:08.686 INFO helpers.AsyncSaver> Enqueue: qsize=84 file=preferences\STSUnlocks
06:00:08.686 INFO helpers.AsyncSaver> Enqueue: qsize=85 file=preferences\STSSeenCards
06:00:08.686 INFO helpers.AsyncSaver> Enqueue: qsize=86 file=preferences\STSUnlocks
06:00:08.687 INFO helpers.AsyncSaver> Enqueue: qsize=87 file=preferences\STSSeenCards
06:00:08.687 INFO helpers.AsyncSaver> Enqueue: qsize=88 file=preferences\STSUnlocks
06:00:08.688 INFO helpers.AsyncSaver> Enqueue: qsize=89 file=preferences\STSSeenCards
06:00:08.688 INFO helpers.AsyncSaver> Enqueue: qsize=90 file=preferences\STSUnlocks
06:00:08.688 INFO helpers.AsyncSaver> Enqueue: qsize=91 file=preferences\STSSeenCards
06:00:08.689 INFO helpers.AsyncSaver> Enqueue: qsize=92 file=preferences\STSUnlocks
06:00:08.689 INFO helpers.AsyncSaver> Enqueue: qsize=93 file=preferences\STSSeenCards
06:00:08.690 INFO helpers.AsyncSaver> Enqueue: qsize=94 file=preferences\STSUnlocks
06:00:08.691 INFO helpers.AsyncSaver> Enqueue: qsize=95 file=preferences\STSSeenCards
06:00:08.691 INFO helpers.AsyncSaver> Enqueue: qsize=96 file=preferences\STSUnlocks
06:00:08.692 INFO helpers.AsyncSaver> Enqueue: qsize=97 file=preferences\STSSeenCards
06:00:08.692 INFO helpers.AsyncSaver> Enqueue: qsize=98 file=preferences\STSUnlocks
06:00:08.692 INFO helpers.AsyncSaver> Enqueue: qsize=99 file=preferences\STSSeenCards
06:00:08.693 INFO helpers.AsyncSaver> Enqueue: qsize=100 file=preferences\STSUnlocks
06:00:08.693 INFO helpers.AsyncSaver> Enqueue: qsize=101 file=preferences\STSSeenCards
06:00:08.693 INFO helpers.AsyncSaver> Enqueue: qsize=102 file=preferences\STSUnlocks
06:00:08.694 INFO helpers.AsyncSaver> Enqueue: qsize=103 file=preferences\STSSeenCards
06:00:08.695 INFO helpers.AsyncSaver> Enqueue: qsize=104 file=preferences\STSUnlocks
06:00:08.695 INFO helpers.AsyncSaver> Enqueue: qsize=105 file=preferences\STSSeenCards
06:00:08.696 INFO helpers.AsyncSaver> Enqueue: qsize=106 file=preferences\STSUnlocks
06:00:08.696 INFO helpers.AsyncSaver> Enqueue: qsize=107 file=preferences\STSSeenCards
06:00:08.696 INFO helpers.AsyncSaver> Enqueue: qsize=108 file=preferences\STSUnlocks
06:00:08.697 INFO helpers.AsyncSaver> Enqueue: qsize=109 file=preferences\STSSeenCards
06:00:08.697 INFO helpers.AsyncSaver> Enqueue: qsize=110 file=preferences\STSUnlocks
06:00:08.698 INFO helpers.AsyncSaver> Enqueue: qsize=111 file=preferences\STSSeenCards
06:00:08.698 INFO helpers.AsyncSaver> Enqueue: qsize=112 file=preferences\STSUnlocks
06:00:08.699 INFO helpers.AsyncSaver> Enqueue: qsize=113 file=preferences\STSSeenCards
06:00:08.699 INFO helpers.AsyncSaver> Enqueue: qsize=114 file=preferences\STSUnlocks
06:00:08.699 INFO HollowMod.hollowMod> Done adding cards!
06:00:08.708 INFO helpers.File> Successfully saved file=C:\Users\Conor\Documents\MTS_Modwork\HollowMod\theDefault\lib\preferences\STSSeenCards
06:00:08.708 INFO helpers.FileSaver> Dequeue: qsize=114 file=preferences\STSUnlocks
06:00:08.708 INFO helpers.File> Attempting to save file=C:\Users\Conor\Documents\MTS_Modwork\HollowMod\theDefault\lib\preferences\STSUnlocks
06:00:08.719 INFO helpers.File> Successfully saved file=C:\Users\Conor\Documents\MTS_Modwork\HollowMod\theDefault\lib\preferences\STSUnlocks
06:00:08.720 INFO helpers.FileSaver> Dequeue: qsize=113 file=preferences\STSSeenCards
06:00:08.720 INFO helpers.File> Attempting to save file=C:\Users\Conor\Documents\MTS_Modwork\HollowMod\theDefault\lib\preferences\STSSeenCards
06:00:08.732 INFO helpers.File> Successfully saved file=C:\Users\Conor\Documents\MTS_Modwork\HollowMod\theDefault\lib\preferences\STSSeenCards
06:00:08.732 INFO helpers.FileSaver> Dequeue: qsize=112 file=preferences\STSUnlocks
06:00:08.733 INFO helpers.File> Attempting to save file=C:\Users\Conor\Documents\MTS_Modwork\HollowMod\theDefault\lib\preferences\STSUnlocks
06:00:08.743 INFO helpers.File> Successfully saved file=C:\Users\Conor\Documents\MTS_Modwork\HollowMod\theDefault\lib\preferences\STSUnlocks
06:00:08.743 INFO helpers.FileSaver> Dequeue: qsize=111 file=preferences\STSSeenCards
06:00:08.744 INFO helpers.File> Attempting to save file=C:\Users\Conor\Documents\MTS_Modwork\HollowMod\theDefault\lib\preferences\STSSeenCards
06:00:08.753 INFO helpers.File> Successfully saved file=C:\Users\Conor\Documents\MTS_Modwork\HollowMod\theDefault\lib\preferences\STSSeenCards
06:00:08.754 INFO helpers.FileSaver> Dequeue: qsize=110 file=preferences\STSUnlocks
06:00:08.754 INFO helpers.File> Attempting to save file=C:\Users\Conor\Documents\MTS_Modwork\HollowMod\theDefault\lib\preferences\STSUnlocks
06:00:08.765 INFO helpers.File> Successfully saved file=C:\Users\Conor\Documents\MTS_Modwork\HollowMod\theDefault\lib\preferences\STSUnlocks
06:00:08.765 INFO helpers.FileSaver> Dequeue: qsize=109 file=preferences\STSSeenCards
06:00:08.765 INFO helpers.File> Attempting to save file=C:\Users\Conor\Documents\MTS_Modwork\HollowMod\theDefault\lib\preferences\STSSeenCards
06:00:08.776 INFO helpers.File> Successfully saved file=C:\Users\Conor\Documents\MTS_Modwork\HollowMod\theDefault\lib\preferences\STSSeenCards
06:00:08.777 INFO helpers.FileSaver> Dequeue: qsize=108 file=preferences\STSUnlocks
06:00:08.777 INFO helpers.File> Attempting to save file=C:\Users\Conor\Documents\MTS_Modwork\HollowMod\theDefault\lib\preferences\STSUnlocks
06:00:08.789 INFO helpers.File> Successfully saved file=C:\Users\Conor\Documents\MTS_Modwork\HollowMod\theDefault\lib\preferences\STSUnlocks
06:00:08.789 INFO helpers.FileSaver> Dequeue: qsize=107 file=preferences\STSSeenCards
06:00:08.789 INFO helpers.File> Attempting to save file=C:\Users\Conor\Documents\MTS_Modwork\HollowMod\theDefault\lib\preferences\STSSeenCards
06:00:08.793 INFO panels.TopPanel> Twitch Integration enabled due to presence of 'twitch.properties` file.
06:00:08.794 INFO panels.TopPanel> Not starting twitch integration because enabled=false
06:00:08.802 INFO helpers.File> Successfully saved file=C:\Users\Conor\Documents\MTS_Modwork\HollowMod\theDefault\lib\preferences\STSSeenCards
06:00:08.803 INFO helpers.FileSaver> Dequeue: qsize=106 file=preferences\STSUnlocks
06:00:08.803 INFO helpers.File> Attempting to save file=C:\Users\Conor\Documents\MTS_Modwork\HollowMod\theDefault\lib\preferences\STSUnlocks
06:00:08.813 INFO helpers.File> Successfully saved file=C:\Users\Conor\Documents\MTS_Modwork\HollowMod\theDefault\lib\preferences\STSUnlocks
06:00:08.813 INFO helpers.FileSaver> Dequeue: qsize=105 file=preferences\STSSeenCards
06:00:08.813 INFO helpers.File> Attempting to save file=C:\Users\Conor\Documents\MTS_Modwork\HollowMod\theDefault\lib\preferences\STSSeenCards
06:00:08.824 INFO helpers.File> Successfully saved file=C:\Users\Conor\Documents\MTS_Modwork\HollowMod\theDefault\lib\preferences\STSSeenCards
06:00:08.825 INFO helpers.FileSaver> Dequeue: qsize=104 file=preferences\STSUnlocks
06:00:08.825 INFO helpers.File> Attempting to save file=C:\Users\Conor\Documents\MTS_Modwork\HollowMod\theDefault\lib\preferences\STSUnlocks
06:00:08.835 INFO helpers.File> Successfully saved file=C:\Users\Conor\Documents\MTS_Modwork\HollowMod\theDefault\lib\preferences\STSUnlocks
06:00:08.835 INFO helpers.FileSaver> Dequeue: qsize=103 file=preferences\STSSeenCards
06:00:08.835 INFO helpers.File> Attempting to save file=C:\Users\Conor\Documents\MTS_Modwork\HollowMod\theDefault\lib\preferences\STSSeenCards
06:00:08.845 INFO helpers.File> Successfully saved file=C:\Users\Conor\Documents\MTS_Modwork\HollowMod\theDefault\lib\preferences\STSSeenCards
06:00:08.845 INFO helpers.FileSaver> Dequeue: qsize=102 file=preferences\STSUnlocks
06:00:08.846 INFO helpers.File> Attempting to save file=C:\Users\Conor\Documents\MTS_Modwork\HollowMod\theDefault\lib\preferences\STSUnlocks
06:00:08.858 INFO helpers.File> Successfully saved file=C:\Users\Conor\Documents\MTS_Modwork\HollowMod\theDefault\lib\preferences\STSUnlocks
06:00:08.858 INFO helpers.FileSaver> Dequeue: qsize=101 file=preferences\STSSeenCards
06:00:08.858 INFO helpers.File> Attempting to save file=C:\Users\Conor\Documents\MTS_Modwork\HollowMod\theDefault\lib\preferences\STSSeenCards
06:00:08.874 INFO helpers.File> Successfully saved file=C:\Users\Conor\Documents\MTS_Modwork\HollowMod\theDefault\lib\preferences\STSSeenCards
06:00:08.874 INFO helpers.FileSaver> Dequeue: qsize=100 file=preferences\STSUnlocks
06:00:08.875 INFO helpers.File> Attempting to save file=C:\Users\Conor\Documents\MTS_Modwork\HollowMod\theDefault\lib\preferences\STSUnlocks
06:00:08.886 INFO helpers.File> Successfully saved file=C:\Users\Conor\Documents\MTS_Modwork\HollowMod\theDefault\lib\preferences\STSUnlocks
06:00:08.886 INFO helpers.FileSaver> Dequeue: qsize=99 file=preferences\STSSeenCards
06:00:08.887 INFO helpers.File> Attempting to save file=C:\Users\Conor\Documents\MTS_Modwork\HollowMod\theDefault\lib\preferences\STSSeenCards
06:00:08.899 INFO helpers.File> Successfully saved file=C:\Users\Conor\Documents\MTS_Modwork\HollowMod\theDefault\lib\preferences\STSSeenCards
06:00:08.900 INFO helpers.FileSaver> Dequeue: qsize=98 file=preferences\STSUnlocks
06:00:08.900 INFO helpers.File> Attempting to save file=C:\Users\Conor\Documents\MTS_Modwork\HollowMod\theDefault\lib\preferences\STSUnlocks
06:00:08.911 INFO helpers.File> Successfully saved file=C:\Users\Conor\Documents\MTS_Modwork\HollowMod\theDefault\lib\preferences\STSUnlocks
06:00:08.912 INFO helpers.FileSaver> Dequeue: qsize=97 file=preferences\STSSeenCards
06:00:08.912 INFO helpers.File> Attempting to save file=C:\Users\Conor\Documents\MTS_Modwork\HollowMod\theDefault\lib\preferences\STSSeenCards
06:00:08.924 INFO helpers.File> Successfully saved file=C:\Users\Conor\Documents\MTS_Modwork\HollowMod\theDefault\lib\preferences\STSSeenCards
06:00:08.924 INFO helpers.FileSaver> Dequeue: qsize=96 file=preferences\STSUnlocks
06:00:08.924 INFO helpers.File> Attempting to save file=C:\Users\Conor\Documents\MTS_Modwork\HollowMod\theDefault\lib\preferences\STSUnlocks
06:00:08.935 INFO helpers.File> Successfully saved file=C:\Users\Conor\Documents\MTS_Modwork\HollowMod\theDefault\lib\preferences\STSUnlocks
06:00:08.935 INFO helpers.FileSaver> Dequeue: qsize=95 file=preferences\STSSeenCards
06:00:08.936 INFO helpers.File> Attempting to save file=C:\Users\Conor\Documents\MTS_Modwork\HollowMod\theDefault\lib\preferences\STSSeenCards
06:00:08.946 INFO helpers.File> Successfully saved file=C:\Users\Conor\Documents\MTS_Modwork\HollowMod\theDefault\lib\preferences\STSSeenCards
06:00:08.946 INFO helpers.FileSaver> Dequeue: qsize=94 file=preferences\STSUnlocks
06:00:08.946 INFO helpers.File> Attempting to save file=C:\Users\Conor\Documents\MTS_Modwork\HollowMod\theDefault\lib\preferences\STSUnlocks
06:00:08.956 INFO helpers.File> Successfully saved file=C:\Users\Conor\Documents\MTS_Modwork\HollowMod\theDefault\lib\preferences\STSUnlocks
06:00:08.956 INFO helpers.FileSaver> Dequeue: qsize=93 file=preferences\STSSeenCards
06:00:08.956 INFO helpers.File> Attempting to save file=C:\Users\Conor\Documents\MTS_Modwork\HollowMod\theDefault\lib\preferences\STSSeenCards
06:00:08.966 INFO helpers.File> Successfully saved file=C:\Users\Conor\Documents\MTS_Modwork\HollowMod\theDefault\lib\preferences\STSSeenCards
06:00:08.966 INFO helpers.FileSaver> Dequeue: qsize=92 file=preferences\STSUnlocks
06:00:08.967 INFO helpers.File> Attempting to save file=C:\Users\Conor\Documents\MTS_Modwork\HollowMod\theDefault\lib\preferences\STSUnlocks
06:00:08.975 INFO helpers.File> Successfully saved file=C:\Users\Conor\Documents\MTS_Modwork\HollowMod\theDefault\lib\preferences\STSUnlocks
06:00:08.975 INFO helpers.FileSaver> Dequeue: qsize=91 file=preferences\STSSeenCards
06:00:08.975 INFO helpers.File> Attempting to save file=C:\Users\Conor\Documents\MTS_Modwork\HollowMod\theDefault\lib\preferences\STSSeenCards
06:00:08.984 INFO helpers.File> Successfully saved file=C:\Users\Conor\Documents\MTS_Modwork\HollowMod\theDefault\lib\preferences\STSSeenCards
06:00:08.985 INFO helpers.FileSaver> Dequeue: qsize=90 file=preferences\STSUnlocks
06:00:08.985 INFO helpers.File> Attempting to save file=C:\Users\Conor\Documents\MTS_Modwork\HollowMod\theDefault\lib\preferences\STSUnlocks
06:00:08.993 INFO helpers.File> Successfully saved file=C:\Users\Conor\Documents\MTS_Modwork\HollowMod\theDefault\lib\preferences\STSUnlocks
06:00:08.993 INFO helpers.FileSaver> Dequeue: qsize=89 file=preferences\STSSeenCards
06:00:08.994 INFO helpers.File> Attempting to save file=C:\Users\Conor\Documents\MTS_Modwork\HollowMod\theDefault\lib\preferences\STSSeenCards
06:00:09.004 INFO helpers.File> Successfully saved file=C:\Users\Conor\Documents\MTS_Modwork\HollowMod\theDefault\lib\preferences\STSSeenCards
06:00:09.004 INFO helpers.FileSaver> Dequeue: qsize=88 file=preferences\STSUnlocks
06:00:09.004 INFO helpers.File> Attempting to save file=C:\Users\Conor\Documents\MTS_Modwork\HollowMod\theDefault\lib\preferences\STSUnlocks
06:00:09.013 INFO helpers.File> Successfully saved file=C:\Users\Conor\Documents\MTS_Modwork\HollowMod\theDefault\lib\preferences\STSUnlocks
06:00:09.014 INFO helpers.FileSaver> Dequeue: qsize=87 file=preferences\STSSeenCards
06:00:09.014 INFO helpers.File> Attempting to save file=C:\Users\Conor\Documents\MTS_Modwork\HollowMod\theDefault\lib\preferences\STSSeenCards
06:00:09.023 INFO helpers.File> Successfully saved file=C:\Users\Conor\Documents\MTS_Modwork\HollowMod\theDefault\lib\preferences\STSSeenCards
06:00:09.023 INFO helpers.FileSaver> Dequeue: qsize=86 file=preferences\STSUnlocks
06:00:09.023 INFO helpers.File> Attempting to save file=C:\Users\Conor\Documents\MTS_Modwork\HollowMod\theDefault\lib\preferences\STSUnlocks
06:00:09.033 INFO helpers.File> Successfully saved file=C:\Users\Conor\Documents\MTS_Modwork\HollowMod\theDefault\lib\preferences\STSUnlocks
06:00:09.033 INFO helpers.FileSaver> Dequeue: qsize=85 file=preferences\STSSeenCards
06:00:09.033 INFO helpers.File> Attempting to save file=C:\Users\Conor\Documents\MTS_Modwork\HollowMod\theDefault\lib\preferences\STSSeenCards
06:00:09.043 INFO helpers.File> Successfully saved file=C:\Users\Conor\Documents\MTS_Modwork\HollowMod\theDefault\lib\preferences\STSSeenCards
06:00:09.043 INFO helpers.FileSaver> Dequeue: qsize=84 file=preferences\STSUnlocks
06:00:09.043 INFO helpers.File> Attempting to save file=C:\Users\Conor\Documents\MTS_Modwork\HollowMod\theDefault\lib\preferences\STSUnlocks
06:00:09.063 INFO helpers.File> Successfully saved file=C:\Users\Conor\Documents\MTS_Modwork\HollowMod\theDefault\lib\preferences\STSUnlocks
06:00:09.063 INFO helpers.FileSaver> Dequeue: qsize=83 file=preferences\STSSeenCards
06:00:09.063 INFO helpers.File> Attempting to save file=C:\Users\Conor\Documents\MTS_Modwork\HollowMod\theDefault\lib\preferences\STSSeenCards
06:00:09.073 INFO helpers.File> Successfully saved file=C:\Users\Conor\Documents\MTS_Modwork\HollowMod\theDefault\lib\preferences\STSSeenCards
06:00:09.073 INFO helpers.FileSaver> Dequeue: qsize=82 file=preferences\STSUnlocks
06:00:09.074 INFO helpers.File> Attempting to save file=C:\Users\Conor\Documents\MTS_Modwork\HollowMod\theDefault\lib\preferences\STSUnlocks
06:00:09.087 INFO helpers.CardLibrary> Card load time: 387ms with 350 cards
06:00:09.087 INFO helpers.File> Successfully saved file=C:\Users\Conor\Documents\MTS_Modwork\HollowMod\theDefault\lib\preferences\STSUnlocks
06:00:09.087 INFO basemod.BaseMod> begin editing relics
06:00:09.087 INFO helpers.FileSaver> Dequeue: qsize=81 file=preferences\STSSeenCards
06:00:09.087 INFO HollowMod.hollowMod> Adding relics
06:00:09.088 INFO helpers.File> Attempting to save file=C:\Users\Conor\Documents\MTS_Modwork\HollowMod\theDefault\lib\preferences\STSSeenCards
06:00:09.089 INFO util.TextureLoader> DefaultMod | Loading Texture: HollowModResources/images/relics/placeholder_relic.png
06:00:09.090 INFO util.TextureLoader> DefaultMod | Loading Texture: HollowModResources/images/relics/outline/placeholder_relic.png
06:00:09.093 INFO util.TextureLoader> DefaultMod | Loading Texture: HollowModResources/images/relics/mask.png
06:00:09.093 INFO util.TextureLoader> DefaultMod | Loading Texture: HollowModResources/images/relics/outline/mask.png
06:00:09.096 INFO util.TextureLoader> DefaultMod | Loading Texture: HollowModResources/images/relics/delicate_flower.png
06:00:09.097 INFO util.TextureLoader> DefaultMod | Loading Texture: HollowModResources/images/relics/outline/delicate_flower.png
06:00:09.098 INFO util.TextureLoader> DefaultMod | Loading Texture: HollowModResources/images/relics/jonis_blessing.png
06:00:09.099 INFO util.TextureLoader> DefaultMod | Loading Texture: HollowModResources/images/relics/outline/jonis_blessing.png
06:00:09.100 INFO helpers.File> Successfully saved file=C:\Users\Conor\Documents\MTS_Modwork\HollowMod\theDefault\lib\preferences\STSSeenCards
06:00:09.100 INFO helpers.FileSaver> Dequeue: qsize=80 file=preferences\STSUnlocks
06:00:09.101 INFO helpers.File> Attempting to save file=C:\Users\Conor\Documents\MTS_Modwork\HollowMod\theDefault\lib\preferences\STSUnlocks
06:00:09.102 INFO util.TextureLoader> DefaultMod | Loading Texture: HollowModResources/images/relics/BottledPlaceholder.png
06:00:09.103 INFO util.TextureLoader> DefaultMod | Loading Texture: HollowModResources/images/relics/outline/BottledPlaceholder.png
06:00:09.107 INFO helpers.AsyncSaver> Enqueue: qsize=80 file=preferences\STSSeenRelics
06:00:09.107 INFO HollowMod.hollowMod> Done adding relics!
06:00:09.113 INFO helpers.File> Successfully saved file=C:\Users\Conor\Documents\MTS_Modwork\HollowMod\theDefault\lib\preferences\STSUnlocks
06:00:09.114 INFO helpers.FileSaver> Dequeue: qsize=80 file=preferences\STSSeenCards
06:00:09.114 INFO helpers.File> Attempting to save file=C:\Users\Conor\Documents\MTS_Modwork\HollowMod\theDefault\lib\preferences\STSSeenCards
06:00:09.124 INFO helpers.File> Successfully saved file=C:\Users\Conor\Documents\MTS_Modwork\HollowMod\theDefault\lib\preferences\STSSeenCards
06:00:09.124 INFO helpers.FileSaver> Dequeue: qsize=79 file=preferences\STSUnlocks
06:00:09.125 INFO helpers.File> Attempting to save file=C:\Users\Conor\Documents\MTS_Modwork\HollowMod\theDefault\lib\preferences\STSUnlocks
06:00:09.134 INFO helpers.File> Successfully saved file=C:\Users\Conor\Documents\MTS_Modwork\HollowMod\theDefault\lib\preferences\STSUnlocks
06:00:09.134 INFO helpers.FileSaver> Dequeue: qsize=78 file=preferences\STSSeenCards
06:00:09.134 INFO helpers.File> Attempting to save file=C:\Users\Conor\Documents\MTS_Modwork\HollowMod\theDefault\lib\preferences\STSSeenCards
06:00:09.144 INFO helpers.File> Successfully saved file=C:\Users\Conor\Documents\MTS_Modwork\HollowMod\theDefault\lib\preferences\STSSeenCards
06:00:09.144 INFO helpers.FileSaver> Dequeue: qsize=77 file=preferences\STSUnlocks
06:00:09.145 INFO helpers.File> Attempting to save file=C:\Users\Conor\Documents\MTS_Modwork\HollowMod\theDefault\lib\preferences\STSUnlocks
06:00:09.154 INFO helpers.File> Successfully saved file=C:\Users\Conor\Documents\MTS_Modwork\HollowMod\theDefault\lib\preferences\STSUnlocks
06:00:09.154 INFO helpers.FileSaver> Dequeue: qsize=76 file=preferences\STSSeenCards
06:00:09.154 INFO helpers.File> Attempting to save file=C:\Users\Conor\Documents\MTS_Modwork\HollowMod\theDefault\lib\preferences\STSSeenCards
06:00:09.164 INFO helpers.File> Successfully saved file=C:\Users\Conor\Documents\MTS_Modwork\HollowMod\theDefault\lib\preferences\STSSeenCards
06:00:09.165 INFO helpers.FileSaver> Dequeue: qsize=75 file=preferences\STSUnlocks
06:00:09.165 INFO helpers.File> Attempting to save file=C:\Users\Conor\Documents\MTS_Modwork\HollowMod\theDefault\lib\preferences\STSUnlocks
06:00:09.176 INFO helpers.File> Successfully saved file=C:\Users\Conor\Documents\MTS_Modwork\HollowMod\theDefault\lib\preferences\STSUnlocks
06:00:09.176 INFO helpers.FileSaver> Dequeue: qsize=74 file=preferences\STSSeenCards
06:00:09.177 INFO helpers.File> Attempting to save file=C:\Users\Conor\Documents\MTS_Modwork\HollowMod\theDefault\lib\preferences\STSSeenCards
06:00:09.186 INFO helpers.File> Successfully saved file=C:\Users\Conor\Documents\MTS_Modwork\HollowMod\theDefault\lib\preferences\STSSeenCards
06:00:09.187 INFO helpers.FileSaver> Dequeue: qsize=73 file=preferences\STSUnlocks
06:00:09.187 INFO helpers.File> Attempting to save file=C:\Users\Conor\Documents\MTS_Modwork\HollowMod\theDefault\lib\preferences\STSUnlocks
06:00:09.196 INFO helpers.File> Successfully saved file=C:\Users\Conor\Documents\MTS_Modwork\HollowMod\theDefault\lib\preferences\STSUnlocks
06:00:09.196 INFO helpers.FileSaver> Dequeue: qsize=72 file=preferences\STSSeenCards
06:00:09.196 INFO helpers.File> Attempting to save file=C:\Users\Conor\Documents\MTS_Modwork\HollowMod\theDefault\lib\preferences\STSSeenCards
06:00:09.207 INFO helpers.File> Successfully saved file=C:\Users\Conor\Documents\MTS_Modwork\HollowMod\theDefault\lib\preferences\STSSeenCards
06:00:09.207 INFO helpers.FileSaver> Dequeue: qsize=71 file=preferences\STSUnlocks
06:00:09.208 INFO helpers.File> Attempting to save file=C:\Users\Conor\Documents\MTS_Modwork\HollowMod\theDefault\lib\preferences\STSUnlocks
06:00:09.217 INFO helpers.File> Successfully saved file=C:\Users\Conor\Documents\MTS_Modwork\HollowMod\theDefault\lib\preferences\STSUnlocks
06:00:09.218 INFO helpers.FileSaver> Dequeue: qsize=70 file=preferences\STSSeenCards
06:00:09.218 INFO helpers.File> Attempting to save file=C:\Users\Conor\Documents\MTS_Modwork\HollowMod\theDefault\lib\preferences\STSSeenCards
06:00:09.229 INFO helpers.File> Successfully saved file=C:\Users\Conor\Documents\MTS_Modwork\HollowMod\theDefault\lib\preferences\STSSeenCards
06:00:09.229 INFO helpers.FileSaver> Dequeue: qsize=69 file=preferences\STSUnlocks
06:00:09.229 INFO helpers.File> Attempting to save file=C:\Users\Conor\Documents\MTS_Modwork\HollowMod\theDefault\lib\preferences\STSUnlocks
06:00:09.229 INFO helpers.RelicLibrary> Relic load time: 122ms
06:00:09.230 INFO input.InputHelper> Setting input processor to Scroller
06:00:09.238 INFO helpers.File> Successfully saved file=C:\Users\Conor\Documents\MTS_Modwork\HollowMod\theDefault\lib\preferences\STSUnlocks
06:00:09.239 INFO helpers.FileSaver> Dequeue: qsize=68 file=preferences\STSSeenCards
06:00:09.239 INFO helpers.File> Attempting to save file=C:\Users\Conor\Documents\MTS_Modwork\HollowMod\theDefault\lib\preferences\STSSeenCards
06:00:09.250 INFO helpers.File> Successfully saved file=C:\Users\Conor\Documents\MTS_Modwork\HollowMod\theDefault\lib\preferences\STSSeenCards
06:00:09.250 INFO helpers.FileSaver> Dequeue: qsize=67 file=preferences\STSUnlocks
06:00:09.250 INFO helpers.File> Attempting to save file=C:\Users\Conor\Documents\MTS_Modwork\HollowMod\theDefault\lib\preferences\STSUnlocks
06:00:09.261 INFO basemod.BaseMod> postCreateStartingRelics for: IRONCLAD
06:00:09.261 INFO basemod.BaseMod> postCreateStartingRelics adding [ Burning Blood ]
06:00:09.261 INFO helpers.File> Successfully saved file=C:\Users\Conor\Documents\MTS_Modwork\HollowMod\theDefault\lib\preferences\STSUnlocks
06:00:09.262 INFO helpers.FileSaver> Dequeue: qsize=66 file=preferences\STSSeenCards
06:00:09.262 INFO helpers.File> Attempting to save file=C:\Users\Conor\Documents\MTS_Modwork\HollowMod\theDefault\lib\preferences\STSSeenCards
06:00:09.274 INFO helpers.File> Successfully saved file=C:\Users\Conor\Documents\MTS_Modwork\HollowMod\theDefault\lib\preferences\STSSeenCards
06:00:09.275 INFO helpers.FileSaver> Dequeue: qsize=65 file=preferences\STSUnlocks
06:00:09.275 INFO helpers.File> Attempting to save file=C:\Users\Conor\Documents\MTS_Modwork\HollowMod\theDefault\lib\preferences\STSUnlocks
06:00:09.286 INFO helpers.File> Successfully saved file=C:\Users\Conor\Documents\MTS_Modwork\HollowMod\theDefault\lib\preferences\STSUnlocks
06:00:09.287 INFO helpers.FileSaver> Dequeue: qsize=64 file=preferences\STSSeenCards
06:00:09.287 INFO helpers.File> Attempting to save file=C:\Users\Conor\Documents\MTS_Modwork\HollowMod\theDefault\lib\preferences\STSSeenCards
06:00:09.301 INFO helpers.File> Successfully saved file=C:\Users\Conor\Documents\MTS_Modwork\HollowMod\theDefault\lib\preferences\STSSeenCards
06:00:09.301 INFO helpers.FileSaver> Dequeue: qsize=63 file=preferences\STSUnlocks
06:00:09.301 INFO helpers.File> Attempting to save file=C:\Users\Conor\Documents\MTS_Modwork\HollowMod\theDefault\lib\preferences\STSUnlocks
06:00:09.314 INFO helpers.File> Successfully saved file=C:\Users\Conor\Documents\MTS_Modwork\HollowMod\theDefault\lib\preferences\STSUnlocks
06:00:09.314 INFO helpers.FileSaver> Dequeue: qsize=62 file=preferences\STSSeenCards
06:00:09.314 INFO helpers.File> Attempting to save file=C:\Users\Conor\Documents\MTS_Modwork\HollowMod\theDefault\lib\preferences\STSSeenCards
06:00:09.327 INFO helpers.File> Successfully saved file=C:\Users\Conor\Documents\MTS_Modwork\HollowMod\theDefault\lib\preferences\STSSeenCards
06:00:09.327 INFO helpers.FileSaver> Dequeue: qsize=61 file=preferences\STSUnlocks
06:00:09.328 INFO helpers.File> Attempting to save file=C:\Users\Conor\Documents\MTS_Modwork\HollowMod\theDefault\lib\preferences\STSUnlocks
06:00:09.341 INFO helpers.File> Successfully saved file=C:\Users\Conor\Documents\MTS_Modwork\HollowMod\theDefault\lib\preferences\STSUnlocks
06:00:09.341 INFO helpers.FileSaver> Dequeue: qsize=60 file=preferences\STSSeenCards
06:00:09.342 INFO helpers.File> Attempting to save file=C:\Users\Conor\Documents\MTS_Modwork\HollowMod\theDefault\lib\preferences\STSSeenCards
06:00:09.355 INFO helpers.File> Successfully saved file=C:\Users\Conor\Documents\MTS_Modwork\HollowMod\theDefault\lib\preferences\STSSeenCards
06:00:09.356 INFO helpers.FileSaver> Dequeue: qsize=59 file=preferences\STSUnlocks
06:00:09.513 INFO helpers.File> Attempting to save file=C:\Users\Conor\Documents\MTS_Modwork\HollowMod\theDefault\lib\preferences\STSUnlocks
06:00:09.526 INFO basemod.BaseMod> postCreateStartingRelics for: THE_SILENT
06:00:09.527 INFO basemod.BaseMod> postCreateStartingRelics adding [ Ring of the Snake ]
06:00:09.565 INFO helpers.File> Successfully saved file=C:\Users\Conor\Documents\MTS_Modwork\HollowMod\theDefault\lib\preferences\STSUnlocks
06:00:09.566 INFO helpers.FileSaver> Dequeue: qsize=58 file=preferences\STSSeenCards
06:00:09.566 INFO helpers.File> Attempting to save file=C:\Users\Conor\Documents\MTS_Modwork\HollowMod\theDefault\lib\preferences\STSSeenCards
06:00:09.577 INFO helpers.File> Successfully saved file=C:\Users\Conor\Documents\MTS_Modwork\HollowMod\theDefault\lib\preferences\STSSeenCards
06:00:09.578 INFO helpers.FileSaver> Dequeue: qsize=57 file=preferences\STSUnlocks
06:00:09.578 INFO helpers.File> Attempting to save file=C:\Users\Conor\Documents\MTS_Modwork\HollowMod\theDefault\lib\preferences\STSUnlocks
06:00:09.591 INFO helpers.File> Successfully saved file=C:\Users\Conor\Documents\MTS_Modwork\HollowMod\theDefault\lib\preferences\STSUnlocks
06:00:09.591 INFO helpers.FileSaver> Dequeue: qsize=56 file=preferences\STSSeenCards
06:00:09.591 INFO helpers.File> Attempting to save file=C:\Users\Conor\Documents\MTS_Modwork\HollowMod\theDefault\lib\preferences\STSSeenCards
06:00:09.601 INFO helpers.File> Successfully saved file=C:\Users\Conor\Documents\MTS_Modwork\HollowMod\theDefault\lib\preferences\STSSeenCards
06:00:09.602 INFO helpers.FileSaver> Dequeue: qsize=55 file=preferences\STSUnlocks
06:00:09.602 INFO helpers.File> Attempting to save file=C:\Users\Conor\Documents\MTS_Modwork\HollowMod\theDefault\lib\preferences\STSUnlocks
06:00:09.604 INFO basemod.BaseMod> postCreateStartingRelics for: DEFECT
06:00:09.604 INFO basemod.BaseMod> postCreateStartingRelics adding [ Cracked Core ]
06:00:09.615 INFO helpers.File> Successfully saved file=C:\Users\Conor\Documents\MTS_Modwork\HollowMod\theDefault\lib\preferences\STSUnlocks
06:00:09.615 INFO helpers.FileSaver> Dequeue: qsize=54 file=preferences\STSSeenCards
06:00:09.616 INFO helpers.File> Attempting to save file=C:\Users\Conor\Documents\MTS_Modwork\HollowMod\theDefault\lib\preferences\STSSeenCards
06:00:09.628 INFO helpers.File> Successfully saved file=C:\Users\Conor\Documents\MTS_Modwork\HollowMod\theDefault\lib\preferences\STSSeenCards
06:00:09.628 INFO helpers.FileSaver> Dequeue: qsize=53 file=preferences\STSUnlocks
06:00:09.628 INFO helpers.File> Attempting to save file=C:\Users\Conor\Documents\MTS_Modwork\HollowMod\theDefault\lib\preferences\STSUnlocks
06:00:09.639 INFO helpers.File> Successfully saved file=C:\Users\Conor\Documents\MTS_Modwork\HollowMod\theDefault\lib\preferences\STSUnlocks
06:00:09.639 INFO helpers.FileSaver> Dequeue: qsize=52 file=preferences\STSSeenCards
06:00:09.639 INFO helpers.File> Attempting to save file=C:\Users\Conor\Documents\MTS_Modwork\HollowMod\theDefault\lib\preferences\STSSeenCards
06:00:09.648 INFO basemod.BaseMod> begin editing characters
06:00:09.648 INFO HollowMod.hollowMod> Beginning to edit characters. Add THE_BUGKNIGHT
06:00:09.650 INFO helpers.File> Successfully saved file=C:\Users\Conor\Documents\MTS_Modwork\HollowMod\theDefault\lib\preferences\STSSeenCards
06:00:09.651 INFO helpers.FileSaver> Dequeue: qsize=51 file=preferences\STSUnlocks
06:00:09.651 INFO helpers.File> Attempting to save file=C:\Users\Conor\Documents\MTS_Modwork\HollowMod\theDefault\lib\preferences\STSUnlocks
06:00:09.661 INFO helpers.File> Successfully saved file=C:\Users\Conor\Documents\MTS_Modwork\HollowMod\theDefault\lib\preferences\STSUnlocks
06:00:09.661 INFO helpers.FileSaver> Dequeue: qsize=50 file=preferences\STSSeenCards
06:00:09.661 INFO helpers.File> Attempting to save file=C:\Users\Conor\Documents\MTS_Modwork\HollowMod\theDefault\lib\preferences\STSSeenCards
06:00:09.671 INFO helpers.File> Successfully saved file=C:\Users\Conor\Documents\MTS_Modwork\HollowMod\theDefault\lib\preferences\STSSeenCards
06:00:09.671 INFO helpers.FileSaver> Dequeue: qsize=49 file=preferences\STSUnlocks
06:00:09.671 INFO helpers.File> Attempting to save file=C:\Users\Conor\Documents\MTS_Modwork\HollowMod\theDefault\lib\preferences\STSUnlocks
06:00:09.683 INFO helpers.File> Successfully saved file=C:\Users\Conor\Documents\MTS_Modwork\HollowMod\theDefault\lib\preferences\STSUnlocks
06:00:09.684 INFO helpers.FileSaver> Dequeue: qsize=48 file=preferences\STSSeenCards
06:00:09.684 INFO helpers.File> Attempting to save file=C:\Users\Conor\Documents\MTS_Modwork\HollowMod\theDefault\lib\preferences\STSSeenCards
06:00:09.695 INFO helpers.File> Successfully saved file=C:\Users\Conor\Documents\MTS_Modwork\HollowMod\theDefault\lib\preferences\STSSeenCards
06:00:09.695 INFO helpers.FileSaver> Dequeue: qsize=47 file=preferences\STSUnlocks
06:00:09.695 INFO helpers.File> Attempting to save file=C:\Users\Conor\Documents\MTS_Modwork\HollowMod\theDefault\lib\preferences\STSUnlocks
06:00:09.707 INFO helpers.File> Successfully saved file=C:\Users\Conor\Documents\MTS_Modwork\HollowMod\theDefault\lib\preferences\STSUnlocks
06:00:09.707 INFO helpers.FileSaver> Dequeue: qsize=46 file=preferences\STSSeenCards
06:00:09.707 INFO helpers.File> Attempting to save file=C:\Users\Conor\Documents\MTS_Modwork\HollowMod\theDefault\lib\preferences\STSSeenCards
06:00:09.709 INFO basemod.BaseMod> postCreateStartingRelics for: THE_BUGKNIGHT
06:00:09.709 INFO basemod.BaseMod> postCreateStartingRelics adding [ HollowMod:VesselMask ]
06:00:09.719 INFO helpers.File> Successfully saved file=C:\Users\Conor\Documents\MTS_Modwork\HollowMod\theDefault\lib\preferences\STSSeenCards
06:00:09.719 INFO helpers.FileSaver> Dequeue: qsize=45 file=preferences\STSUnlocks
06:00:09.720 INFO helpers.File> Attempting to save file=C:\Users\Conor\Documents\MTS_Modwork\HollowMod\theDefault\lib\preferences\STSUnlocks
06:00:09.721 INFO HollowMod.hollowMod> Begin loading starter Deck Strings
06:00:09.721 INFO HollowMod.hollowMod> loading dashes
06:00:09.721 INFO HollowMod.hollowMod> loading focuses
06:00:09.721 INFO HollowMod.hollowMod> loading testcards
06:00:09.721 INFO HollowMod.hollowMod> Begin loading starter Deck Strings
06:00:09.721 INFO HollowMod.hollowMod> loading dashes
06:00:09.721 INFO HollowMod.hollowMod> loading focuses
06:00:09.721 INFO HollowMod.hollowMod> loading testcards
06:00:09.731 INFO helpers.File> Successfully saved file=C:\Users\Conor\Documents\MTS_Modwork\HollowMod\theDefault\lib\preferences\STSUnlocks
06:00:09.731 INFO helpers.FileSaver> Dequeue: qsize=44 file=preferences\STSSeenCards
06:00:09.731 INFO helpers.File> Attempting to save file=C:\Users\Conor\Documents\MTS_Modwork\HollowMod\theDefault\lib\preferences\STSSeenCards
06:00:09.740 INFO helpers.File> Successfully saved file=C:\Users\Conor\Documents\MTS_Modwork\HollowMod\theDefault\lib\preferences\STSSeenCards
06:00:09.741 INFO helpers.FileSaver> Dequeue: qsize=43 file=preferences\STSUnlocks
06:00:09.741 INFO helpers.File> Attempting to save file=C:\Users\Conor\Documents\MTS_Modwork\HollowMod\theDefault\lib\preferences\STSUnlocks
06:00:09.751 INFO helpers.File> Successfully saved file=C:\Users\Conor\Documents\MTS_Modwork\HollowMod\theDefault\lib\preferences\STSUnlocks
06:00:09.752 INFO helpers.FileSaver> Dequeue: qsize=42 file=preferences\STSSeenCards
06:00:09.752 INFO helpers.File> Attempting to save file=C:\Users\Conor\Documents\MTS_Modwork\HollowMod\theDefault\lib\preferences\STSSeenCards
06:00:09.763 INFO helpers.File> Successfully saved file=C:\Users\Conor\Documents\MTS_Modwork\HollowMod\theDefault\lib\preferences\STSSeenCards
06:00:09.763 INFO helpers.FileSaver> Dequeue: qsize=41 file=preferences\STSUnlocks
06:00:09.763 INFO helpers.File> Attempting to save file=C:\Users\Conor\Documents\MTS_Modwork\HollowMod\theDefault\lib\preferences\STSUnlocks
06:00:09.775 INFO helpers.File> Successfully saved file=C:\Users\Conor\Documents\MTS_Modwork\HollowMod\theDefault\lib\preferences\STSUnlocks
06:00:09.775 INFO helpers.FileSaver> Dequeue: qsize=40 file=preferences\STSSeenCards
06:00:09.775 INFO helpers.File> Attempting to save file=C:\Users\Conor\Documents\MTS_Modwork\HollowMod\theDefault\lib\preferences\STSSeenCards
06:00:09.787 INFO helpers.File> Successfully saved file=C:\Users\Conor\Documents\MTS_Modwork\HollowMod\theDefault\lib\preferences\STSSeenCards
06:00:09.787 INFO helpers.FileSaver> Dequeue: qsize=39 file=preferences\STSUnlocks
06:00:09.787 INFO helpers.File> Attempting to save file=C:\Users\Conor\Documents\MTS_Modwork\HollowMod\theDefault\lib\preferences\STSUnlocks
06:00:09.793 INFO HollowMod.hollowMod> Beginning to edit potions
06:00:09.794 INFO HollowMod.hollowMod> Done editing potions
06:00:09.794 INFO HollowMod.hollowMod> Added THE_BUGKNIGHT
06:00:09.798 INFO helpers.File> Successfully saved file=C:\Users\Conor\Documents\MTS_Modwork\HollowMod\theDefault\lib\preferences\STSUnlocks
06:00:09.798 INFO helpers.FileSaver> Dequeue: qsize=38 file=preferences\STSSeenCards
06:00:09.798 INFO helpers.File> Attempting to save file=C:\Users\Conor\Documents\MTS_Modwork\HollowMod\theDefault\lib\preferences\STSSeenCards
06:00:09.802 INFO core.CardCrawlGame> [GC] BEFORE: 195515696
06:00:09.848 INFO core.CardCrawlGame> [GC] AFTER: 61713296
06:00:09.849 INFO basemod.BaseMod> publishPostInitialize
06:00:09.854 INFO helpers.File> Successfully saved file=C:\Users\Conor\Documents\MTS_Modwork\HollowMod\theDefault\lib\preferences\STSSeenCards
06:00:09.854 INFO helpers.FileSaver> Dequeue: qsize=37 file=preferences\STSUnlocks
06:00:09.854 INFO helpers.File> Attempting to save file=C:\Users\Conor\Documents\MTS_Modwork\HollowMod\theDefault\lib\preferences\STSUnlocks
06:00:09.863 INFO helpers.File> Successfully saved file=C:\Users\Conor\Documents\MTS_Modwork\HollowMod\theDefault\lib\preferences\STSUnlocks
06:00:09.863 INFO helpers.FileSaver> Dequeue: qsize=36 file=preferences\STSSeenCards
06:00:09.864 INFO helpers.File> Attempting to save file=C:\Users\Conor\Documents\MTS_Modwork\HollowMod\theDefault\lib\preferences\STSSeenCards
06:00:09.872 INFO helpers.File> Successfully saved file=C:\Users\Conor\Documents\MTS_Modwork\HollowMod\theDefault\lib\preferences\STSSeenCards
06:00:09.873 INFO helpers.FileSaver> Dequeue: qsize=35 file=preferences\STSUnlocks
06:00:09.873 INFO helpers.File> Attempting to save file=C:\Users\Conor\Documents\MTS_Modwork\HollowMod\theDefault\lib\preferences\STSUnlocks
06:00:09.885 INFO helpers.File> Successfully saved file=C:\Users\Conor\Documents\MTS_Modwork\HollowMod\theDefault\lib\preferences\STSUnlocks
06:00:09.885 INFO helpers.FileSaver> Dequeue: qsize=34 file=preferences\STSSeenCards
06:00:09.885 INFO helpers.File> Attempting to save file=C:\Users\Conor\Documents\MTS_Modwork\HollowMod\theDefault\lib\preferences\STSSeenCards
06:00:09.895 INFO helpers.File> Successfully saved file=C:\Users\Conor\Documents\MTS_Modwork\HollowMod\theDefault\lib\preferences\STSSeenCards
06:00:09.895 INFO helpers.FileSaver> Dequeue: qsize=33 file=preferences\STSUnlocks
06:00:09.896 INFO helpers.File> Attempting to save file=C:\Users\Conor\Documents\MTS_Modwork\HollowMod\theDefault\lib\preferences\STSUnlocks
06:00:09.906 INFO helpers.File> Successfully saved file=C:\Users\Conor\Documents\MTS_Modwork\HollowMod\theDefault\lib\preferences\STSUnlocks
06:00:09.906 INFO helpers.FileSaver> Dequeue: qsize=32 file=preferences\STSSeenCards
06:00:09.906 INFO helpers.File> Attempting to save file=C:\Users\Conor\Documents\MTS_Modwork\HollowMod\theDefault\lib\preferences\STSSeenCards
06:00:09.917 INFO helpers.File> Successfully saved file=C:\Users\Conor\Documents\MTS_Modwork\HollowMod\theDefault\lib\preferences\STSSeenCards
06:00:09.917 INFO helpers.FileSaver> Dequeue: qsize=31 file=preferences\STSUnlocks
06:00:09.918 INFO helpers.File> Attempting to save file=C:\Users\Conor\Documents\MTS_Modwork\HollowMod\theDefault\lib\preferences\STSUnlocks
06:00:09.929 INFO helpers.File> Successfully saved file=C:\Users\Conor\Documents\MTS_Modwork\HollowMod\theDefault\lib\preferences\STSUnlocks
06:00:09.929 INFO helpers.FileSaver> Dequeue: qsize=30 file=preferences\STSSeenCards
06:00:09.929 INFO helpers.File> Attempting to save file=C:\Users\Conor\Documents\MTS_Modwork\HollowMod\theDefault\lib\preferences\STSSeenCards
06:00:09.939 INFO helpers.File> Successfully saved file=C:\Users\Conor\Documents\MTS_Modwork\HollowMod\theDefault\lib\preferences\STSSeenCards
06:00:09.940 INFO helpers.FileSaver> Dequeue: qsize=29 file=preferences\STSUnlocks
06:00:09.940 INFO helpers.File> Attempting to save file=C:\Users\Conor\Documents\MTS_Modwork\HollowMod\theDefault\lib\preferences\STSUnlocks
06:00:09.950 INFO helpers.File> Successfully saved file=C:\Users\Conor\Documents\MTS_Modwork\HollowMod\theDefault\lib\preferences\STSUnlocks
06:00:09.950 INFO helpers.FileSaver> Dequeue: qsize=28 file=preferences\STSSeenCards
06:00:09.950 INFO helpers.File> Attempting to save file=C:\Users\Conor\Documents\MTS_Modwork\HollowMod\theDefault\lib\preferences\STSSeenCards
06:00:09.959 INFO helpers.File> Successfully saved file=C:\Users\Conor\Documents\MTS_Modwork\HollowMod\theDefault\lib\preferences\STSSeenCards
06:00:09.960 INFO helpers.FileSaver> Dequeue: qsize=27 file=preferences\STSUnlocks
06:00:09.960 INFO helpers.File> Attempting to save file=C:\Users\Conor\Documents\MTS_Modwork\HollowMod\theDefault\lib\preferences\STSUnlocks
06:00:09.968 INFO basemod.BaseMod> registerModBadge : BaseMod
06:00:09.968 INFO basemod.ModBadge> initialized mod badge for: BaseMod
06:00:09.968 INFO basemod.ModBadge> setup hooks for BaseMod mod badge
06:00:09.969 INFO helpers.File> Successfully saved file=C:\Users\Conor\Documents\MTS_Modwork\HollowMod\theDefault\lib\preferences\STSUnlocks
06:00:09.969 INFO helpers.FileSaver> Dequeue: qsize=26 file=preferences\STSSeenCards
06:00:09.970 INFO helpers.File> Attempting to save file=C:\Users\Conor\Documents\MTS_Modwork\HollowMod\theDefault\lib\preferences\STSSeenCards
06:00:09.970 INFO basemod.BaseMod> initializeUnderscoreCardIDs
06:00:09.970 INFO basemod.BaseMod> initializeUnderscorePotionIDs
06:00:09.971 INFO basemod.BaseMod> initializeUnderscoreEventIDs
06:00:09.972 INFO basemod.BaseMod> initializeUnderscoreRelicIDs
06:00:09.972 INFO basemod.BaseMod> initializeEncounters
06:00:09.979 INFO helpers.File> Successfully saved file=C:\Users\Conor\Documents\MTS_Modwork\HollowMod\theDefault\lib\preferences\STSSeenCards
06:00:09.979 INFO helpers.FileSaver> Dequeue: qsize=25 file=preferences\STSUnlocks
06:00:09.979 INFO helpers.File> Attempting to save file=C:\Users\Conor\Documents\MTS_Modwork\HollowMod\theDefault\lib\preferences\STSUnlocks
06:00:09.988 INFO helpers.File> Successfully saved file=C:\Users\Conor\Documents\MTS_Modwork\HollowMod\theDefault\lib\preferences\STSUnlocks
06:00:09.988 INFO helpers.FileSaver> Dequeue: qsize=24 file=preferences\STSSeenCards
06:00:09.989 INFO helpers.File> Attempting to save file=C:\Users\Conor\Documents\MTS_Modwork\HollowMod\theDefault\lib\preferences\STSSeenCards
06:00:09.998 INFO helpers.File> Successfully saved file=C:\Users\Conor\Documents\MTS_Modwork\HollowMod\theDefault\lib\preferences\STSSeenCards
06:00:09.998 INFO helpers.FileSaver> Dequeue: qsize=23 file=preferences\STSUnlocks
06:00:09.998 INFO helpers.File> Attempting to save file=C:\Users\Conor\Documents\MTS_Modwork\HollowMod\theDefault\lib\preferences\STSUnlocks
06:00:10.007 INFO helpers.File> Successfully saved file=C:\Users\Conor\Documents\MTS_Modwork\HollowMod\theDefault\lib\preferences\STSUnlocks
06:00:10.007 INFO helpers.FileSaver> Dequeue: qsize=22 file=preferences\STSSeenCards
06:00:10.007 INFO helpers.File> Attempting to save file=C:\Users\Conor\Documents\MTS_Modwork\HollowMod\theDefault\lib\preferences\STSSeenCards
06:00:10.018 INFO helpers.File> Successfully saved file=C:\Users\Conor\Documents\MTS_Modwork\HollowMod\theDefault\lib\preferences\STSSeenCards
06:00:10.018 INFO helpers.FileSaver> Dequeue: qsize=21 file=preferences\STSUnlocks
06:00:10.018 INFO helpers.File> Attempting to save file=C:\Users\Conor\Documents\MTS_Modwork\HollowMod\theDefault\lib\preferences\STSUnlocks
06:00:10.019 INFO HollowMod.hollowMod> Loading badge image and mod options
06:00:10.019 INFO util.TextureLoader> DefaultMod | Loading Texture: HollowModResources/images/BadgeBug.png
06:00:10.027 INFO helpers.File> Successfully saved file=C:\Users\Conor\Documents\MTS_Modwork\HollowMod\theDefault\lib\preferences\STSUnlocks
06:00:10.028 INFO helpers.FileSaver> Dequeue: qsize=20 file=preferences\STSSeenCards
06:00:10.028 INFO helpers.File> Attempting to save file=C:\Users\Conor\Documents\MTS_Modwork\HollowMod\theDefault\lib\preferences\STSSeenCards
06:00:10.032 INFO basemod.BaseMod> registerModBadge : Hollow Mod
06:00:10.032 INFO basemod.ModBadge> initialized mod badge for: Hollow Mod
06:00:10.032 INFO basemod.ModBadge> setup hooks for Hollow Mod mod badge
06:00:10.033 INFO HollowMod.hollowMod> Done loading badge Image and mod options
06:00:10.035 INFO controller.CInputHelper> [CONTROLLER] Utilizing DirectInput
06:00:10.037 INFO helpers.File> Successfully saved file=C:\Users\Conor\Documents\MTS_Modwork\HollowMod\theDefault\lib\preferences\STSSeenCards
06:00:10.037 INFO helpers.FileSaver> Dequeue: qsize=19 file=preferences\STSUnlocks
06:00:10.038 INFO helpers.File> Attempting to save file=C:\Users\Conor\Documents\MTS_Modwork\HollowMod\theDefault\lib\preferences\STSUnlocks
06:00:10.046 INFO helpers.File> Successfully saved file=C:\Users\Conor\Documents\MTS_Modwork\HollowMod\theDefault\lib\preferences\STSUnlocks
06:00:10.046 INFO helpers.FileSaver> Dequeue: qsize=18 file=preferences\STSSeenCards
06:00:10.046 INFO helpers.File> Attempting to save file=C:\Users\Conor\Documents\MTS_Modwork\HollowMod\theDefault\lib\preferences\STSSeenCards
06:00:10.055 INFO helpers.File> Successfully saved file=C:\Users\Conor\Documents\MTS_Modwork\HollowMod\theDefault\lib\preferences\STSSeenCards
06:00:10.055 INFO helpers.FileSaver> Dequeue: qsize=17 file=preferences\STSUnlocks
06:00:10.056 INFO helpers.File> Attempting to save file=C:\Users\Conor\Documents\MTS_Modwork\HollowMod\theDefault\lib\preferences\STSUnlocks
06:00:10.065 INFO helpers.File> Successfully saved file=C:\Users\Conor\Documents\MTS_Modwork\HollowMod\theDefault\lib\preferences\STSUnlocks
06:00:10.065 INFO helpers.FileSaver> Dequeue: qsize=16 file=preferences\STSSeenCards
06:00:10.065 INFO helpers.File> Attempting to save file=C:\Users\Conor\Documents\MTS_Modwork\HollowMod\theDefault\lib\preferences\STSSeenCards
06:00:10.074 INFO helpers.File> Successfully saved file=C:\Users\Conor\Documents\MTS_Modwork\HollowMod\theDefault\lib\preferences\STSSeenCards
06:00:10.074 INFO helpers.FileSaver> Dequeue: qsize=15 file=preferences\STSUnlocks
06:00:10.074 INFO helpers.File> Attempting to save file=C:\Users\Conor\Documents\MTS_Modwork\HollowMod\theDefault\lib\preferences\STSUnlocks
06:00:10.075 INFO controller.CInputHelper> [CONTROLLER] No controllers detected
06:00:10.084 INFO helpers.File> Successfully saved file=C:\Users\Conor\Documents\MTS_Modwork\HollowMod\theDefault\lib\preferences\STSUnlocks
06:00:10.084 INFO helpers.FileSaver> Dequeue: qsize=14 file=preferences\STSSeenCards
06:00:10.085 INFO helpers.File> Attempting to save file=C:\Users\Conor\Documents\MTS_Modwork\HollowMod\theDefault\lib\preferences\STSSeenCards
06:00:10.094 INFO helpers.File> Successfully saved file=C:\Users\Conor\Documents\MTS_Modwork\HollowMod\theDefault\lib\preferences\STSSeenCards
06:00:10.095 INFO helpers.FileSaver> Dequeue: qsize=13 file=preferences\STSUnlocks
06:00:10.095 INFO helpers.File> Attempting to save file=C:\Users\Conor\Documents\MTS_Modwork\HollowMod\theDefault\lib\preferences\STSUnlocks
06:00:10.104 INFO helpers.File> Successfully saved file=C:\Users\Conor\Documents\MTS_Modwork\HollowMod\theDefault\lib\preferences\STSUnlocks
06:00:10.105 INFO helpers.FileSaver> Dequeue: qsize=12 file=preferences\STSSeenCards
06:00:10.105 INFO helpers.File> Attempting to save file=C:\Users\Conor\Documents\MTS_Modwork\HollowMod\theDefault\lib\preferences\STSSeenCards
06:00:10.113 INFO helpers.File> Successfully saved file=C:\Users\Conor\Documents\MTS_Modwork\HollowMod\theDefault\lib\preferences\STSSeenCards
06:00:10.114 INFO helpers.FileSaver> Dequeue: qsize=11 file=preferences\STSUnlocks
06:00:10.114 INFO helpers.File> Attempting to save file=C:\Users\Conor\Documents\MTS_Modwork\HollowMod\theDefault\lib\preferences\STSUnlocks
06:00:10.124 INFO helpers.File> Successfully saved file=C:\Users\Conor\Documents\MTS_Modwork\HollowMod\theDefault\lib\preferences\STSUnlocks
06:00:10.124 INFO helpers.FileSaver> Dequeue: qsize=10 file=preferences\STSSeenCards
06:00:10.124 INFO helpers.File> Attempting to save file=C:\Users\Conor\Documents\MTS_Modwork\HollowMod\theDefault\lib\preferences\STSSeenCards
06:00:10.135 INFO helpers.File> Successfully saved file=C:\Users\Conor\Documents\MTS_Modwork\HollowMod\theDefault\lib\preferences\STSSeenCards
06:00:10.135 INFO helpers.FileSaver> Dequeue: qsize=9 file=preferences\STSUnlocks
06:00:10.135 INFO helpers.File> Attempting to save file=C:\Users\Conor\Documents\MTS_Modwork\HollowMod\theDefault\lib\preferences\STSUnlocks
06:00:10.145 INFO helpers.File> Successfully saved file=C:\Users\Conor\Documents\MTS_Modwork\HollowMod\theDefault\lib\preferences\STSUnlocks
06:00:10.145 INFO helpers.FileSaver> Dequeue: qsize=8 file=preferences\STSSeenCards
06:00:10.146 INFO helpers.File> Attempting to save file=C:\Users\Conor\Documents\MTS_Modwork\HollowMod\theDefault\lib\preferences\STSSeenCards
06:00:10.155 INFO helpers.File> Successfully saved file=C:\Users\Conor\Documents\MTS_Modwork\HollowMod\theDefault\lib\preferences\STSSeenCards
06:00:10.155 INFO helpers.FileSaver> Dequeue: qsize=7 file=preferences\STSUnlocks
06:00:10.155 INFO helpers.File> Attempting to save file=C:\Users\Conor\Documents\MTS_Modwork\HollowMod\theDefault\lib\preferences\STSUnlocks
06:00:10.165 INFO helpers.File> Successfully saved file=C:\Users\Conor\Documents\MTS_Modwork\HollowMod\theDefault\lib\preferences\STSUnlocks
06:00:10.165 INFO helpers.FileSaver> Dequeue: qsize=6 file=preferences\STSSeenCards
06:00:10.165 INFO helpers.File> Attempting to save file=C:\Users\Conor\Documents\MTS_Modwork\HollowMod\theDefault\lib\preferences\STSSeenCards
06:00:10.176 INFO helpers.File> Successfully saved file=C:\Users\Conor\Documents\MTS_Modwork\HollowMod\theDefault\lib\preferences\STSSeenCards
06:00:10.176 INFO helpers.FileSaver> Dequeue: qsize=5 file=preferences\STSUnlocks
06:00:10.176 INFO helpers.File> Attempting to save file=C:\Users\Conor\Documents\MTS_Modwork\HollowMod\theDefault\lib\preferences\STSUnlocks
06:00:10.186 INFO helpers.File> Successfully saved file=C:\Users\Conor\Documents\MTS_Modwork\HollowMod\theDefault\lib\preferences\STSUnlocks
06:00:10.187 INFO helpers.FileSaver> Dequeue: qsize=4 file=preferences\STSSeenCards
06:00:10.187 INFO helpers.File> Attempting to save file=C:\Users\Conor\Documents\MTS_Modwork\HollowMod\theDefault\lib\preferences\STSSeenCards
06:00:10.198 INFO helpers.File> Successfully saved file=C:\Users\Conor\Documents\MTS_Modwork\HollowMod\theDefault\lib\preferences\STSSeenCards
06:00:10.198 INFO helpers.FileSaver> Dequeue: qsize=3 file=preferences\STSUnlocks
06:00:10.198 INFO helpers.File> Attempting to save file=C:\Users\Conor\Documents\MTS_Modwork\HollowMod\theDefault\lib\preferences\STSUnlocks
06:00:10.208 INFO helpers.File> Successfully saved file=C:\Users\Conor\Documents\MTS_Modwork\HollowMod\theDefault\lib\preferences\STSUnlocks
06:00:10.208 INFO helpers.FileSaver> Dequeue: qsize=2 file=preferences\STSSeenCards
06:00:10.209 INFO helpers.File> Attempting to save file=C:\Users\Conor\Documents\MTS_Modwork\HollowMod\theDefault\lib\preferences\STSSeenCards
06:00:10.219 INFO helpers.File> Successfully saved file=C:\Users\Conor\Documents\MTS_Modwork\HollowMod\theDefault\lib\preferences\STSSeenCards
06:00:10.220 INFO helpers.FileSaver> Dequeue: qsize=1 file=preferences\STSUnlocks
06:00:10.220 INFO helpers.File> Attempting to save file=C:\Users\Conor\Documents\MTS_Modwork\HollowMod\theDefault\lib\preferences\STSUnlocks
06:00:10.230 INFO helpers.File> Successfully saved file=C:\Users\Conor\Documents\MTS_Modwork\HollowMod\theDefault\lib\preferences\STSUnlocks
06:00:10.230 INFO helpers.FileSaver> Dequeue: qsize=0 file=preferences\STSSeenRelics
06:00:10.230 INFO helpers.File> Attempting to save file=C:\Users\Conor\Documents\MTS_Modwork\HollowMod\theDefault\lib\preferences\STSSeenRelics
06:00:10.236 INFO helpers.File> Successfully saved file=C:\Users\Conor\Documents\MTS_Modwork\HollowMod\theDefault\lib\preferences\STSSeenRelics
06:00:17.062 INFO basemod.BaseMod> publishAddCustomModeMods
06:00:17.066 INFO HollowMod.hollowMod> Begin loading starter Deck Strings
06:00:17.066 INFO HollowMod.hollowMod> loading dashes
06:00:17.066 INFO HollowMod.hollowMod> loading focuses
06:00:17.066 INFO HollowMod.hollowMod> loading testcards
06:00:17.067 INFO HollowMod.hollowMod> Begin loading starter Deck Strings
06:00:17.067 INFO HollowMod.hollowMod> loading dashes
06:00:17.067 INFO HollowMod.hollowMod> loading focuses
06:00:17.067 INFO HollowMod.hollowMod> loading testcards
06:00:17.172 INFO unlock.UnlockTracker> RED UNLOCKS:   0/9
06:00:17.172 INFO unlock.UnlockTracker> GREEN UNLOCKS: 0/9
06:00:17.173 INFO unlock.UnlockTracker> BLUE UNLOCKS: 0/9
06:00:17.173 INFO unlock.UnlockTracker> RELIC UNLOCKS: 0/18
06:00:17.173 INFO unlock.UnlockTracker> CARDS SEEN:    326/350
06:00:17.173 INFO unlock.UnlockTracker> RELICS SEEN:   75/162
06:00:17.173 INFO basemod.BaseMod> publish post refresh - refreshing unlocks
06:00:17.173 INFO compendium.CardLibraryScreen> Initializing card library screen.
06:00:17.178 INFO basemod.BaseMod> postCreateStartingRelics for: IRONCLAD
06:00:17.178 INFO basemod.BaseMod> postCreateStartingRelics adding [ Burning Blood ]
06:00:17.216 INFO characters.CharacterManager> Successfully recreated IRONCLAD
06:00:17.219 INFO basemod.BaseMod> postCreateStartingRelics for: THE_SILENT
06:00:17.219 INFO basemod.BaseMod> postCreateStartingRelics adding [ Ring of the Snake ]
06:00:17.253 INFO characters.CharacterManager> Successfully recreated THE_SILENT
06:00:17.255 INFO basemod.BaseMod> postCreateStartingRelics for: DEFECT
06:00:17.255 INFO basemod.BaseMod> postCreateStartingRelics adding [ Cracked Core ]
06:00:17.290 INFO characters.CharacterManager> Successfully recreated DEFECT
06:00:17.320 INFO basemod.BaseMod> postCreateStartingRelics for: THE_BUGKNIGHT
06:00:17.321 INFO basemod.BaseMod> postCreateStartingRelics adding [ HollowMod:VesselMask ]
06:00:17.326 INFO HollowMod.hollowMod> Begin loading starter Deck Strings
06:00:17.326 INFO HollowMod.hollowMod> loading dashes
06:00:17.327 INFO HollowMod.hollowMod> loading focuses
06:00:17.327 INFO HollowMod.hollowMod> loading testcards
06:00:17.327 INFO HollowMod.hollowMod> Begin loading starter Deck Strings
06:00:17.327 INFO HollowMod.hollowMod> loading dashes
06:00:17.327 INFO HollowMod.hollowMod> loading focuses
06:00:17.327 INFO HollowMod.hollowMod> loading testcards
06:00:17.388 INFO characters.CharacterManager> Successfully recreated THE_BUGKNIGHT
06:00:17.389 INFO HollowMod.hollowMod> Begin loading starter Deck Strings
06:00:17.389 INFO HollowMod.hollowMod> loading dashes
06:00:17.389 INFO HollowMod.hollowMod> loading focuses
06:00:17.389 INFO HollowMod.hollowMod> loading testcards
06:00:17.389 INFO HollowMod.hollowMod> Begin loading starter Deck Strings
06:00:17.389 INFO HollowMod.hollowMod> loading dashes
06:00:17.389 INFO HollowMod.hollowMod> loading focuses
06:00:17.389 INFO HollowMod.hollowMod> loading testcards
06:00:17.399 INFO saveAndContinue.SaveAndContinue> IRONCLAD save does NOT exist!
06:00:17.399 INFO saveAndContinue.SaveAndContinue> THE_SILENT save does NOT exist!
06:00:17.400 INFO saveAndContinue.SaveAndContinue> DEFECT save does NOT exist!
06:00:17.411 INFO saveAndContinue.SaveAndContinue> saves\THE_BUGKNIGHT.autosave save file was successfully loaded.
06:00:17.411 INFO saveAndContinue.SaveAndContinue> THE_BUGKNIGHT save exists and is valid.
06:00:24.688 INFO saveAndContinue.SaveAndContinue> IRONCLAD save does NOT exist!
06:00:24.688 INFO saveAndContinue.SaveAndContinue> THE_SILENT save does NOT exist!
06:00:24.688 INFO saveAndContinue.SaveAndContinue> DEFECT save does NOT exist!
06:00:24.692 INFO saveAndContinue.SaveAndContinue> saves\THE_BUGKNIGHT.autosave save file was successfully loaded.
06:00:24.693 INFO saveAndContinue.SaveAndContinue> THE_BUGKNIGHT save exists and is valid.
06:00:25.691 INFO basemod.BaseMod> publishPreStartGame
06:00:25.715 INFO basemod.BaseMod> postCreateStartingRelics for: THE_BUGKNIGHT
06:00:25.716 INFO basemod.BaseMod> postCreateStartingRelics adding [ HollowMod:VesselMask ]
06:00:25.721 INFO HollowMod.hollowMod> Begin loading starter Deck Strings
06:00:25.721 INFO HollowMod.hollowMod> loading dashes
06:00:25.721 INFO HollowMod.hollowMod> loading focuses
06:00:25.721 INFO HollowMod.hollowMod> loading testcards
06:00:25.721 INFO HollowMod.hollowMod> Begin loading starter Deck Strings
06:00:25.721 INFO HollowMod.hollowMod> loading dashes
06:00:25.721 INFO HollowMod.hollowMod> loading focuses
06:00:25.721 INFO HollowMod.hollowMod> loading testcards
06:00:25.779 INFO characters.CharacterManager> Successfully recreated THE_BUGKNIGHT
06:00:25.783 INFO saveAndContinue.SaveAndContinue> saves\THE_BUGKNIGHT.autosave save file was successfully loaded.
06:00:25.784 INFO core.CardCrawlGame> HollowMod:CrystalDash, 0
06:00:25.784 INFO core.CardCrawlGame> HollowMod:FastStrike, 0
06:00:25.784 INFO core.CardCrawlGame> HollowMod:CloakDash, 0
06:00:25.785 INFO core.CardCrawlGame> HollowMod:CloakDash, 0
06:00:25.785 INFO core.CardCrawlGame> HollowMod:CloakDash, 0
06:00:25.785 INFO core.CardCrawlGame> HollowMod:DashSlash, 0
06:00:25.785 INFO core.CardCrawlGame> HollowMod:MonarchWings, 0
06:00:25.786 INFO core.CardCrawlGame> HollowMod:LifebloodHeart, 0
06:00:25.786 INFO core.CardCrawlGame> HollowMod:VengefulVoid, 0
06:00:25.786 INFO core.CardCrawlGame> HollowMod:WraithStrike, 0
06:00:25.787 INFO basemod.BaseMod> publish on relic get
06:00:25.890 INFO dungeons.AbstractDungeon> Loading seeds: 4459203557842362338
06:00:25.890 INFO dungeons.AbstractDungeon> Monster seed:  35
06:00:25.891 INFO dungeons.AbstractDungeon> Event seed:    0
06:00:25.891 INFO dungeons.AbstractDungeon> Merchant seed: 0
06:00:25.891 INFO dungeons.AbstractDungeon> Card seed:     60
06:00:25.891 INFO dungeons.AbstractDungeon> Treasure seed: 0
06:00:25.891 INFO dungeons.AbstractDungeon> Relic seed:    5
06:00:25.891 INFO dungeons.AbstractDungeon> Potion seed:   0
06:00:25.897 INFO dungeons.AbstractDungeon> [BOSS] Slime Boss
06:00:25.916 INFO dungeons.AbstractDungeon> INIT CARD POOL
06:00:25.917 INFO dungeons.AbstractDungeon> COLORLESS CARDS: 35
06:00:25.917 INFO dungeons.AbstractDungeon> CURSE CARDS: 10
06:00:25.917 INFO dungeons.AbstractDungeon> Cardpool load time: 1ms
06:00:25.918 INFO PotionLibrary.PotionHelperInitialize> Adding HollowMod:PlaceholderPotion
06:00:25.921 INFO dungeons.AbstractDungeon> Dungeon load time: 118ms
06:00:25.922 INFO basemod.BaseMod> publishStartGame
06:00:25.922 INFO basemod.BaseMod> mapDensityMultiplier: 1.0
06:00:26.247 INFO scenes.AbstractScene> Fading in ambiance: AMBIANCE_BOTTOM
06:00:26.448 INFO dungeons.AbstractDungeon> Generating Room Types! There are 61 rooms:
06:00:26.448 INFO dungeons.AbstractDungeon>  SHOP (5%): 3
06:00:26.449 INFO dungeons.AbstractDungeon>  REST (12%): 7
06:00:26.449 INFO dungeons.AbstractDungeon>  TRSRE (0%): 0
06:00:26.450 INFO dungeons.AbstractDungeon>  ELITE (8%): 5
06:00:26.450 INFO dungeons.AbstractDungeon>  EVNT (22%): 13
06:00:26.450 INFO dungeons.AbstractDungeon>  MSTR (53%): 33
06:00:26.455 INFO map.RoomTypeAssigner> #### Unassigned Rooms:
06:00:26.455 INFO dungeons.AbstractDungeon> Generated the following dungeon map:
06:00:26.456 INFO dungeons.AbstractDungeon> 
        /  /  /      \     
14     R  R  R        R    
       |/    |      /      
13     ?     M     ?       
       | \     \   | \     
12     R  M     M  M  M    
       |/         \  \  \  
11     M           E  ?  M 
       | \         |  |/   
10     E  R        M  ?    
       | \  \      |  | \  
9      M  $  E     ?  M  M 
       |/    |     |/    | 
8      T     T     T     T 
       | \     \ /   \ /   
7      M  R     R     M    
       |  |   /   \ / |    
6      R  M  ?     $  R    
         \|/       |    \  
5         E        R     E 
        /   \      | \ /   
4      ?     ?     ?  M    
       |   /       |/   \  
3      M  M        $     M 
       |  | \    / |     | 
2      M  ?  M  ?  M     M 
       |    \  \|    \   | 
1      M     ?  M     M  ? 
         \ /      \   |/   
0         M        M  M    
06:00:26.456 INFO dungeons.AbstractDungeon> Game Seed: 4459203557842362338
06:00:26.456 INFO dungeons.AbstractDungeon> Map generation time: 13ms
06:00:26.456 INFO dungeons.AbstractDungeon> Loading into: 5,0
06:00:26.457 INFO dungeons.AbstractDungeon> UNSPECIFIED CASE: NONE
06:00:26.459 INFO dungeons.AbstractDungeon> MONSTER: 2 Louse
06:00:27.697 INFO basemod.BaseMod> publish on post power apply
06:00:27.709 INFO basemod.BaseMod> powers modified
06:00:27.982 INFO basemod.BaseMod> publish on post power apply
06:00:27.993 INFO basemod.BaseMod> powers modified
06:00:28.359 INFO basemod.BaseMod> publish start battle
06:00:29.101 INFO basemod.BaseMod> publishPostDraw
06:00:29.314 INFO basemod.BaseMod> publishPostDraw
06:00:29.514 INFO basemod.BaseMod> publishPostDraw
06:00:29.647 INFO audio.MusicMaster> Properly faded out MENU
06:00:29.731 INFO basemod.BaseMod> publishPostDraw
06:00:29.931 INFO basemod.BaseMod> publishPostDraw
06:00:30.131 INFO basemod.BaseMod> publishPostDraw
06:00:32.391 INFO basemod.BaseMod> publish on card use
06:00:32.392 INFO util.TextureLoader> DefaultMod | Loading Texture: HollowModResources/images/powers/VoidGod_power84.png
06:00:32.394 INFO util.TextureLoader> DefaultMod | Loading Texture: HollowModResources/images/powers/VoidGod_power32.png
06:00:32.396 INFO util.TextureLoader> DefaultMod | Loading Texture: HollowModResources/images/powers/soultwister_power84.png
06:00:32.397 INFO util.TextureLoader> DefaultMod | Loading Texture: HollowModResources/images/powers/soultwister_power32.png
06:00:32.397 INFO util.TextureLoader> DefaultMod | Loading Texture: HollowModResources/images/powers/soulmeter_power84.png
06:00:32.398 INFO util.TextureLoader> DefaultMod | Loading Texture: HollowModResources/images/powers/soulmeter_power32.png
06:00:32.691 INFO basemod.BaseMod> publish on post power apply
06:00:32.702 INFO basemod.BaseMod> powers modified
06:00:32.974 INFO basemod.BaseMod> publish on post power apply
06:00:32.974 INFO basemod.BaseMod> powers modified
06:00:33.758 INFO basemod.BaseMod> powers modified
06:00:46.045 INFO core.CardCrawlGame> PAUSE()
06:09:30.888 INFO core.CardCrawlGame> RESUME()
06:09:36.334 INFO core.CardCrawlGame> PAUSE()
06:09:37.371 INFO core.CardCrawlGame> RESUME()
06:09:38.384 INFO core.CardCrawlGame> PAUSE()
06:09:44.204 INFO core.CardCrawlGame> RESUME()
06:09:48.318 INFO core.CardCrawlGame> PAUSE()
06:11:28.958 INFO core.CardCrawlGame> RESUME()
06:11:38.744 INFO basemod.BaseMod> publish on card use
06:11:39.244 INFO basemod.BaseMod> publishPostDraw
06:11:39.276 INFO basemod.BaseMod> publishPostExhaust
06:11:42.244 INFO basemod.BaseMod> publishPreMonsterTurn
06:11:45.144 INFO basemod.BaseMod> publish on post power apply
06:11:45.144 INFO basemod.BaseMod> powers modified
06:11:45.444 INFO basemod.BaseMod> publishPreMonsterTurn
06:11:47.644 INFO basemod.BaseMod> publish on Player Damaged
06:11:47.910 INFO basemod.BaseMod> publish on Player Damaged
06:11:49.494 INFO basemod.BaseMod> publish on Player Lose Block
06:11:49.494 INFO basemod.BaseMod> publishPostEnergyRecharge
06:11:49.810 INFO basemod.BaseMod> powers modified
06:11:50.227 INFO basemod.BaseMod> powers modified
06:11:50.560 INFO basemod.BaseMod> publishPostDraw
06:11:50.760 INFO basemod.BaseMod> publishPostDraw
06:11:50.977 INFO basemod.BaseMod> publishPostDraw
06:11:52.094 INFO basemod.BaseMod> publishPostDraw
06:11:52.310 INFO basemod.BaseMod> publishPostDraw
06:11:52.510 INFO basemod.BaseMod> publishPostDraw
06:12:01.294 INFO basemod.BaseMod> publish on card use
06:12:01.294 INFO util.TextureLoader> DefaultMod | Loading Texture: HollowModResources/images/powers/monarchwing_power84.png
06:12:01.303 INFO util.TextureLoader> DefaultMod | Loading Texture: HollowModResources/images/powers/monarchwing_power32.png
06:12:01.327 INFO basemod.BaseMod> publish on post power apply
06:12:01.336 INFO basemod.BaseMod> powers modified
06:12:01.594 INFO basemod.BaseMod> publishPostExhaust
06:12:04.677 INFO basemod.BaseMod> publishPreMonsterTurn
06:12:07.277 INFO basemod.BaseMod> publish on post power apply
06:12:07.277 INFO basemod.BaseMod> powers modified
06:12:07.577 INFO basemod.BaseMod> publishPreMonsterTurn
06:12:09.794 INFO basemod.BaseMod> publish on Player Damaged
06:12:11.510 INFO basemod.BaseMod> publish on Player Lose Block
06:12:11.510 INFO basemod.BaseMod> publishPostEnergyRecharge
06:12:11.543 INFO basemod.BaseMod> powers modified
06:12:12.044 INFO basemod.BaseMod> publishPostDraw
06:12:12.260 INFO basemod.BaseMod> publishPostDraw
06:12:12.477 INFO basemod.BaseMod> publishPostDraw
06:12:13.544 INFO basemod.BaseMod> publishPostDraw
06:12:13.760 INFO basemod.BaseMod> publishPostDraw
06:12:13.960 INFO basemod.BaseMod> publishPostDraw
06:12:16.094 INFO basemod.BaseMod> publish on card use
06:12:40.804 INFO core.CardCrawlGame> PAUSE()
